# JRE version: Java(TM) SE Runtime Environment (8.0_05-b13) (build 1.8.0_05-b13)
# Java VM: Java HotSpot(TM) 64-Bit Server VM (25.5-b02 mixed mode windows-amd64 compressed oops)
Heap:
 PSYoungGen      total 912896K, used 157058K [0x000000076cb00000, 0x00000007b5500000, 0x00000007c0000000)
  eden space 637952K, 22% used [0x000000076cb00000,0x00000007754d75e0,0x0000000793a00000)
  from space 274944K, 5% used [0x00000007a4880000,0x00000007a5809220,0x00000007b5500000)
  to   space 275968K, 0% used [0x0000000793a00000,0x0000000793a00000,0x00000007a4780000)
 ParOldGen       total 699904K, used 225213K [0x00000006c6000000, 0x00000006f0b80000, 0x000000076cb00000)
  object space 699904K, 32% used [0x00000006c6000000,0x00000006d3bef508,0x00000006f0b80000)
 Metaspace       used 110236K, capacity 116320K, committed 116608K, reserved 1150976K
  class space    used 14400K, capacity 15664K, committed 15744K, reserved 1048576K
GC Heap History (10 events):
Event: 290.691 GC heap before
{Heap before GC invocations=160 (full 23):
 PSYoungGen      total 620032K, used 16118K [0x000000076cb00000, 0x00000007b7480000, 0x00000007c0000000)
  eden space 603648K, 0% used [0x000000076cb00000,0x000000076cb00000,0x0000000791880000)
  from space 16384K, 98% used [0x0000000791880000,0x000000079283d8a0,0x0000000792880000)
  to   space 309248K, 0% used [0x00000007a4680000,0x00000007a4680000,0x00000007b7480000)
 ParOldGen       total 699904K, used 505224K [0x00000006c6000000, 0x00000006f0b80000, 0x000000076cb00000)
  object space 699904K, 72% used [0x00000006c6000000,0x00000006e4d62240,0x00000006f0b80000)
 Metaspace       used 83814K, capacity 86694K, committed 86912K, reserved 1124352K
  class space    used 10684K, capacity 11323K, committed 11392K, reserved 1048576K
Event: 291.239 GC heap after
Heap after GC invocations=160 (full 23):
 PSYoungGen      total 620032K, used 0K [0x000000076cb00000, 0x00000007b7480000, 0x00000007c0000000)
  eden space 603648K, 0% used [0x000000076cb00000,0x000000076cb00000,0x0000000791880000)
  from space 16384K, 0% used [0x0000000791880000,0x0000000791880000,0x0000000792880000)
  to   space 309248K, 0% used [0x00000007a4680000,0x00000007a4680000,0x00000007b7480000)
 ParOldGen       total 699904K, used 195189K [0x00000006c6000000, 0x00000006f0b80000, 0x000000076cb00000)
  object space 699904K, 27% used [0x00000006c6000000,0x00000006d1e9d4e0,0x00000006f0b80000)
 Metaspace       used 83814K, capacity 86694K, committed 86912K, reserved 1124352K
  class space    used 10684K, capacity 11323K, committed 11392K, reserved 1048576K
}
Event: 1798.765 GC heap before
{Heap before GC invocations=161 (full 23):
 PSYoungGen      total 620032K, used 603648K [0x000000076cb00000, 0x00000007b7480000, 0x00000007c0000000)
  eden space 603648K, 100% used [0x000000076cb00000,0x0000000791880000,0x0000000791880000)
  from space 16384K, 0% used [0x0000000791880000,0x0000000791880000,0x0000000792880000)
  to   space 309248K, 0% used [0x00000007a4680000,0x00000007a4680000,0x00000007b7480000)
 ParOldGen       total 699904K, used 195189K [0x00000006c6000000, 0x00000006f0b80000, 0x000000076cb00000)
  object space 699904K, 27% used [0x00000006c6000000,0x00000006d1e9d4e0,0x00000006f0b80000)
 Metaspace       used 99330K, capacity 103522K, committed 103552K, reserved 1138688K
  class space    used 12723K, capacity 13668K, committed 13696K, reserved 1048576K
Event: 1798.950 GC heap after
Heap after GC invocations=161 (full 23):
 PSYoungGen      total 925184K, used 40946K [0x000000076cb00000, 0x00000007b7700000, 0x00000007c0000000)
  eden space 615936K, 0% used [0x000000076cb00000,0x000000076cb00000,0x0000000792480000)
  from space 309248K, 13% used [0x00000007a4680000,0x00000007a6e7c9b8,0x00000007b7480000)
  to   space 296960K, 0% used [0x0000000792480000,0x0000000792480000,0x00000007a4680000)
 ParOldGen       total 699904K, used 195197K [0x00000006c6000000, 0x00000006f0b80000, 0x000000076cb00000)
  object space 699904K, 27% used [0x00000006c6000000,0x00000006d1e9f4e0,0x00000006f0b80000)
 Metaspace       used 99330K, capacity 103522K, committed 103552K, reserved 1138688K
  class space    used 12723K, capacity 13668K, committed 13696K, reserved 1048576K
}
Event: 1800.900 GC heap before
{Heap before GC invocations=162 (full 23):
 PSYoungGen      total 925184K, used 348036K [0x000000076cb00000, 0x00000007b7700000, 0x00000007c0000000)
  eden space 615936K, 49% used [0x000000076cb00000,0x000000077f6e4890,0x0000000792480000)
  from space 309248K, 13% used [0x00000007a4680000,0x00000007a6e7c9b8,0x00000007b7480000)
  to   space 296960K, 0% used [0x0000000792480000,0x0000000792480000,0x00000007a4680000)
 ParOldGen       total 699904K, used 195197K [0x00000006c6000000, 0x00000006f0b80000, 0x000000076cb00000)
  object space 699904K, 27% used [0x00000006c6000000,0x00000006d1e9f4e0,0x00000006f0b80000)
 Metaspace       used 108758K, capacity 113848K, committed 114048K, reserved 1148928K
  class space    used 14195K, capacity 15364K, committed 15488K, reserved 1048576K
Event: 1800.961 GC heap after
Heap after GC invocations=162 (full 23):
 PSYoungGen      total 912896K, used 40539K [0x000000076cb00000, 0x00000007b5e00000, 0x00000007c0000000)
  eden space 615936K, 0% used [0x000000076cb00000,0x000000076cb00000,0x0000000792480000)
  from space 296960K, 13% used [0x0000000792480000,0x0000000794c16ee0,0x00000007a4680000)
  to   space 284160K, 0% used [0x00000007a4880000,0x00000007a4880000,0x00000007b5e00000)
 ParOldGen       total 699904K, used 195205K [0x00000006c6000000, 0x00000006f0b80000, 0x000000076cb00000)
  object space 699904K, 27% used [0x00000006c6000000,0x00000006d1ea14e0,0x00000006f0b80000)
 Metaspace       used 108758K, capacity 113848K, committed 114048K, reserved 1148928K
  class space    used 14195K, capacity 15364K, committed 15488K, reserved 1048576K
}
Event: 1800.961 GC heap before
{Heap before GC invocations=163 (full 24):
 PSYoungGen      total 912896K, used 40539K [0x000000076cb00000, 0x00000007b5e00000, 0x00000007c0000000)
  eden space 615936K, 0% used [0x000000076cb00000,0x000000076cb00000,0x0000000792480000)
  from space 296960K, 13% used [0x0000000792480000,0x0000000794c16ee0,0x00000007a4680000)
  to   space 284160K, 0% used [0x00000007a4880000,0x00000007a4880000,0x00000007b5e00000)
 ParOldGen       total 699904K, used 195205K [0x00000006c6000000, 0x00000006f0b80000, 0x000000076cb00000)
  object space 699904K, 27% used [0x00000006c6000000,0x00000006d1ea14e0,0x00000006f0b80000)
 Metaspace       used 108758K, capacity 113848K, committed 114048K, reserved 1148928K
  class space    used 14195K, capacity 15364K, committed 15488K, reserved 1048576K
Event: 1802.024 GC heap after
Heap after GC invocations=163 (full 24):
 PSYoungGen      total 912896K, used 0K [0x000000076cb00000, 0x00000007b5e00000, 0x00000007c0000000)
  eden space 615936K, 0% used [0x000000076cb00000,0x000000076cb00000,0x0000000792480000)
  from space 296960K, 0% used [0x0000000792480000,0x0000000792480000,0x00000007a4680000)
  to   space 284160K, 0% used [0x00000007a4880000,0x00000007a4880000,0x00000007b5e00000)
 ParOldGen       total 699904K, used 225205K [0x00000006c6000000, 0x00000006f0b80000, 0x000000076cb00000)
  object space 699904K, 32% used [0x00000006c6000000,0x00000006d3bed508,0x00000006f0b80000)
 Metaspace       used 108758K, capacity 113848K, committed 114048K, reserved 1148928K
  class space    used 14195K, capacity 15364K, committed 15488K, reserved 1048576K
}
Event: 1841.062 GC heap before
{Heap before GC invocations=164 (full 24):
 PSYoungGen      total 912896K, used 615936K [0x000000076cb00000, 0x00000007b5e00000, 0x00000007c0000000)
  eden space 615936K, 100% used [0x000000076cb00000,0x0000000792480000,0x0000000792480000)
  from space 296960K, 0% used [0x0000000792480000,0x0000000792480000,0x00000007a4680000)
  to   space 284160K, 0% used [0x00000007a4880000,0x00000007a4880000,0x00000007b5e00000)
 ParOldGen       total 699904K, used 225205K [0x00000006c6000000, 0x00000006f0b80000, 0x000000076cb00000)
  object space 699904K, 32% used [0x00000006c6000000,0x00000006d3bed508,0x00000006f0b80000)
 Metaspace       used 110050K, capacity 115920K, committed 115968K, reserved 1148928K
  class space    used 14363K, capacity 15598K, committed 15616K, reserved 1048576K
Event: 1841.083 GC heap after
Heap after GC invocations=164 (full 24):
 PSYoungGen      total 912896K, used 15908K [0x000000076cb00000, 0x00000007b5500000, 0x00000007c0000000)
  eden space 637952K, 0% used [0x000000076cb00000,0x000000076cb00000,0x0000000793a00000)
  from space 274944K, 5% used [0x00000007a4880000,0x00000007a5809220,0x00000007b5500000)
  to   space 275968K, 0% used [0x0000000793a00000,0x0000000793a00000,0x00000007a4780000)
 ParOldGen       total 699904K, used 225213K [0x00000006c6000000, 0x00000006f0b80000, 0x000000076cb00000)
  object space 699904K, 32% used [0x00000006c6000000,0x00000006d3bef508,0x00000006f0b80000)
 Metaspace       used 110050K, capacity 115920K, committed 115968K, reserved 1148928K
  class space    used 14363K, capacity 15598K, committed 15616K, reserved 1048576K
}

