# JRE version: Java(TM) SE Runtime Environment (8.0_05-b13) (build 1.8.0_05-b13)
# Java VM: Java HotSpot(TM) 64-Bit Server VM (25.5-b02 mixed mode windows-amd64 compressed oops)
Heap:
 PSYoungGen      total 618496K, used 530945K [0x000000076cb00000, 0x00000007bcd00000, 0x00000007c0000000)
  eden space 596992K, 88% used [0x000000076cb00000,0x000000078d180628,0x0000000791200000)
  from space 21504K, 0% used [0x0000000791200000,0x0000000791200000,0x0000000792700000)
  to   space 357888K, 0% used [0x00000007a6f80000,0x00000007a6f80000,0x00000007bcd00000)
 ParOldGen       total 675328K, used 190498K [0x00000006c6000000, 0x00000006ef380000, 0x000000076cb00000)
  object space 675328K, 28% used [0x00000006c6000000,0x00000006d1a08aa0,0x00000006ef380000)
 Metaspace       used 105219K, capacity 110460K, committed 110720K, reserved 1144832K
  class space    used 13936K, capacity 14963K, committed 14976K, reserved 1048576K
GC Heap History (10 events):
Event: 5982.451 GC heap before
{Heap before GC invocations=237 (full 30):
 PSYoungGen      total 978944K, used 574614K [0x000000076cb00000, 0x00000007c0000000, 0x00000007c0000000)
  eden space 592896K, 96% used [0x000000076cb00000,0x000000078fbf58a0,0x0000000790e00000)
  from space 386048K, 0% used [0x00000007a8700000,0x00000007a8730000,0x00000007c0000000)
  to   space 386048K, 0% used [0x0000000790e00000,0x0000000790e00000,0x00000007a8700000)
 ParOldGen       total 675328K, used 413342K [0x00000006c6000000, 0x00000006ef380000, 0x000000076cb00000)
  object space 675328K, 61% used [0x00000006c6000000,0x00000006df3a7828,0x00000006ef380000)
 Metaspace       used 75340K, capacity 77786K, committed 78592K, reserved 1118208K
  class space    used 9813K, capacity 10320K, committed 10496K, reserved 1048576K
Event: 5982.459 GC heap after
Heap after GC invocations=237 (full 30):
 PSYoungGen      total 978944K, used 1180K [0x000000076cb00000, 0x00000007c0000000, 0x00000007c0000000)
  eden space 592896K, 0% used [0x000000076cb00000,0x000000076cb00000,0x0000000790e00000)
  from space 386048K, 0% used [0x0000000790e00000,0x0000000790f270c0,0x00000007a8700000)
  to   space 381952K, 0% used [0x00000007a8b00000,0x00000007a8b00000,0x00000007c0000000)
 ParOldGen       total 675328K, used 413342K [0x00000006c6000000, 0x00000006ef380000, 0x000000076cb00000)
  object space 675328K, 61% used [0x00000006c6000000,0x00000006df3a7828,0x00000006ef380000)
 Metaspace       used 75340K, capacity 77786K, committed 78592K, reserved 1118208K
  class space    used 9813K, capacity 10320K, committed 10496K, reserved 1048576K
}
Event: 5982.459 GC heap before
{Heap before GC invocations=238 (full 31):
 PSYoungGen      total 978944K, used 1180K [0x000000076cb00000, 0x00000007c0000000, 0x00000007c0000000)
  eden space 592896K, 0% used [0x000000076cb00000,0x000000076cb00000,0x0000000790e00000)
  from space 386048K, 0% used [0x0000000790e00000,0x0000000790f270c0,0x00000007a8700000)
  to   space 381952K, 0% used [0x00000007a8b00000,0x00000007a8b00000,0x00000007c0000000)
 ParOldGen       total 675328K, used 413342K [0x00000006c6000000, 0x00000006ef380000, 0x000000076cb00000)
  object space 675328K, 61% used [0x00000006c6000000,0x00000006df3a7828,0x00000006ef380000)
 Metaspace       used 75340K, capacity 77786K, committed 78592K, reserved 1118208K
  class space    used 9813K, capacity 10320K, committed 10496K, reserved 1048576K
Event: 5983.102 GC heap after
Heap after GC invocations=238 (full 31):
 PSYoungGen      total 978944K, used 0K [0x000000076cb00000, 0x00000007c0000000, 0x00000007c0000000)
  eden space 592896K, 0% used [0x000000076cb00000,0x000000076cb00000,0x0000000790e00000)
  from space 386048K, 0% used [0x0000000790e00000,0x0000000790e00000,0x00000007a8700000)
  to   space 381952K, 0% used [0x00000007a8b00000,0x00000007a8b00000,0x00000007c0000000)
 ParOldGen       total 675328K, used 169515K [0x00000006c6000000, 0x00000006ef380000, 0x000000076cb00000)
  object space 675328K, 25% used [0x00000006c6000000,0x00000006d058af88,0x00000006ef380000)
 Metaspace       used 75340K, capacity 77786K, committed 78592K, reserved 1118208K
  class space    used 9813K, capacity 10320K, committed 10496K, reserved 1048576K
}
Event: 6423.673 GC heap before
{Heap before GC invocations=239 (full 31):
 PSYoungGen      total 978944K, used 592896K [0x000000076cb00000, 0x00000007c0000000, 0x00000007c0000000)
  eden space 592896K, 100% used [0x000000076cb00000,0x0000000790e00000,0x0000000790e00000)
  from space 386048K, 0% used [0x0000000790e00000,0x0000000790e00000,0x00000007a8700000)
  to   space 381952K, 0% used [0x00000007a8b00000,0x00000007a8b00000,0x00000007c0000000)
 ParOldGen       total 675328K, used 169515K [0x00000006c6000000, 0x00000006ef380000, 0x000000076cb00000)
  object space 675328K, 25% used [0x00000006c6000000,0x00000006d058af88,0x00000006ef380000)
 Metaspace       used 89669K, capacity 93266K, committed 93312K, reserved 1130496K
  class space    used 11692K, capacity 12412K, committed 12416K, reserved 1048576K
Event: 6423.703 GC heap after
Heap after GC invocations=239 (full 31):
 PSYoungGen      total 949248K, used 36453K [0x000000076cb00000, 0x00000007be300000, 0x00000007c0000000)
  eden space 596992K, 0% used [0x000000076cb00000,0x000000076cb00000,0x0000000791200000)
  from space 352256K, 10% used [0x00000007a8b00000,0x00000007aae99518,0x00000007be300000)
  to   space 369152K, 0% used [0x0000000791200000,0x0000000791200000,0x00000007a7a80000)
 ParOldGen       total 675328K, used 169523K [0x00000006c6000000, 0x00000006ef380000, 0x000000076cb00000)
  object space 675328K, 25% used [0x00000006c6000000,0x00000006d058cf88,0x00000006ef380000)
 Metaspace       used 89669K, capacity 93266K, committed 93312K, reserved 1130496K
  class space    used 11692K, capacity 12412K, committed 12416K, reserved 1048576K
}
Event: 6424.248 GC heap before
{Heap before GC invocations=240 (full 31):
 PSYoungGen      total 949248K, used 132827K [0x000000076cb00000, 0x00000007be300000, 0x00000007c0000000)
  eden space 596992K, 16% used [0x000000076cb00000,0x000000077291d910,0x0000000791200000)
  from space 352256K, 10% used [0x00000007a8b00000,0x00000007aae99518,0x00000007be300000)
  to   space 369152K, 0% used [0x0000000791200000,0x0000000791200000,0x00000007a7a80000)
 ParOldGen       total 675328K, used 169523K [0x00000006c6000000, 0x00000006ef380000, 0x000000076cb00000)
  object space 675328K, 25% used [0x00000006c6000000,0x00000006d058cf88,0x00000006ef380000)
 Metaspace       used 91321K, capacity 95364K, committed 95616K, reserved 1132544K
  class space    used 12034K, capacity 12848K, committed 12928K, reserved 1048576K
Event: 6424.325 GC heap after
Heap after GC invocations=240 (full 31):
 PSYoungGen      total 618496K, used 21476K [0x000000076cb00000, 0x00000007bcd00000, 0x00000007c0000000)
  eden space 596992K, 0% used [0x000000076cb00000,0x000000076cb00000,0x0000000791200000)
  from space 21504K, 99% used [0x0000000791200000,0x00000007926f9288,0x0000000792700000)
  to   space 357888K, 0% used [0x00000007a6f80000,0x00000007a6f80000,0x00000007bcd00000)
 ParOldGen       total 675328K, used 169531K [0x00000006c6000000, 0x00000006ef380000, 0x000000076cb00000)
  object space 675328K, 25% used [0x00000006c6000000,0x00000006d058ef88,0x00000006ef380000)
 Metaspace       used 91321K, capacity 95364K, committed 95616K, reserved 1132544K
  class space    used 12034K, capacity 12848K, committed 12928K, reserved 1048576K
}
Event: 6424.325 GC heap before
{Heap before GC invocations=241 (full 32):
 PSYoungGen      total 618496K, used 21476K [0x000000076cb00000, 0x00000007bcd00000, 0x00000007c0000000)
  eden space 596992K, 0% used [0x000000076cb00000,0x000000076cb00000,0x0000000791200000)
  from space 21504K, 99% used [0x0000000791200000,0x00000007926f9288,0x0000000792700000)
  to   space 357888K, 0% used [0x00000007a6f80000,0x00000007a6f80000,0x00000007bcd00000)
 ParOldGen       total 675328K, used 169531K [0x00000006c6000000, 0x00000006ef380000, 0x000000076cb00000)
  object space 675328K, 25% used [0x00000006c6000000,0x00000006d058ef88,0x00000006ef380000)
 Metaspace       used 91321K, capacity 95364K, committed 95616K, reserved 1132544K
  class space    used 12034K, capacity 12848K, committed 12928K, reserved 1048576K
Event: 6425.066 GC heap after
Heap after GC invocations=241 (full 32):
 PSYoungGen      total 618496K, used 0K [0x000000076cb00000, 0x00000007bcd00000, 0x00000007c0000000)
  eden space 596992K, 0% used [0x000000076cb00000,0x000000076cb00000,0x0000000791200000)
  from space 21504K, 0% used [0x0000000791200000,0x0000000791200000,0x0000000792700000)
  to   space 357888K, 0% used [0x00000007a6f80000,0x00000007a6f80000,0x00000007bcd00000)
 ParOldGen       total 675328K, used 190498K [0x00000006c6000000, 0x00000006ef380000, 0x000000076cb00000)
  object space 675328K, 28% used [0x00000006c6000000,0x00000006d1a08aa0,0x00000006ef380000)
 Metaspace       used 91321K, capacity 95364K, committed 95616K, reserved 1132544K
  class space    used 12034K, capacity 12848K, committed 12928K, reserved 1048576K
}

